<?xml version="1.0" encoding="UTF-8"?>
<!-- Generated by org.testng.reporters.JUnitReportReporter -->
<testsuite hostname="vanantha" name="com.functional.restTest" tests="1" failures="0" timestamp="20 Jan 2020 09:45:20 GMT" time="3.083" errors="0">
  <testcase name="mytest" time="3.083" classname="com.functional.restTest"/>
</testsuite> <!-- com.functional.restTest -->
