<?xml version="1.0" encoding="UTF-8"?>
<!-- Generated by org.testng.reporters.JUnitReportReporter -->
<testsuite hostname="vanantha" name="com.runner.TestRunner" tests="2" failures="0" timestamp="20 Jan 2020 12:25:32 GMT" time="47.948" errors="0">
  <testcase name="feature" time="43.644" classname="com.runner.TestRunner"/>
  <testcase name="feature" time="4.304" classname="com.runner.TestRunner"/>
</testsuite> <!-- com.runner.TestRunner -->
