<?xml version="1.0" encoding="UTF-8"?>
<!-- Generated by org.testng.reporters.JUnitReportReporter -->
<testsuite hostname="vanantha" name="com.functional.PlaceOrders" tests="1" failures="0" timestamp="19 Jan 2020 03:19:01 GMT" time="32.402" errors="0">
  <testcase name="Validate_Ordering_Of_Two_Items" time="32.402" classname="com.functional.PlaceOrders"/>
</testsuite> <!-- com.functional.PlaceOrders -->
